2018-04-27 00:24:55,424 - BasePage - INFO - You had select Firefox browser.
2018-04-27 00:24:55,424 - BasePage - INFO - The test server url1 is: http://dsy.10333.com
2018-04-27 00:24:58,812 - BasePage - INFO - Starting firefox browser.
2018-04-27 00:24:59,345 - BasePage - INFO - Open url1: http://dsy.10333.com
2018-04-27 00:24:59,545 - BasePage - INFO - Maximize the current window.
2018-04-27 00:24:59,671 - BasePage - INFO - Set implicitly wait 10 seconds.
2018-04-27 00:24:59,672 - BasePage - INFO - Now! Close and quit the browser.
2018-04-27 00:24:59,912 - BasePage - INFO - ¹Ø±Õä¯ÀÀÆ÷
2018-04-27 00:24:59,914 - BasePage - INFO - You had select Firefox browser.
2018-04-27 00:24:59,915 - BasePage - INFO - The test server url1 is: http://dsy.10333.com
2018-04-27 00:25:04,449 - BasePage - INFO - Starting firefox browser.
2018-04-27 00:25:04,852 - BasePage - INFO - Open url1: http://dsy.10333.com
2018-04-27 00:25:05,038 - BasePage - INFO - Maximize the current window.
2018-04-27 00:25:05,096 - BasePage - INFO - Set implicitly wait 10 seconds.
2018-04-27 00:25:05,097 - BasePage - INFO - Now! Close and quit the browser.
2018-04-27 00:25:05,430 - BasePage - INFO - ¹Ø±Õä¯ÀÀÆ÷
2018-04-27 00:25:05,431 - BasePage - INFO - You had select Firefox browser.
2018-04-27 00:25:05,431 - BasePage - INFO - The test server url1 is: http://dsy.10333.com
2018-04-27 00:25:10,287 - BasePage - INFO - Starting firefox browser.
2018-04-27 00:25:11,025 - BasePage - INFO - Open url1: http://dsy.10333.com
2018-04-27 00:25:11,072 - BasePage - INFO - Maximize the current window.
2018-04-27 00:25:11,233 - BasePage - INFO - Set implicitly wait 10 seconds.
2018-04-27 00:25:11,233 - BasePage - INFO - Now! Close and quit the browser.
2018-04-27 00:25:11,558 - BasePage - INFO - ¹Ø±Õä¯ÀÀÆ÷
