2018-04-25 23:27:42,631 - BasePage - INFO - You had select Firefox browser.
2018-04-25 23:27:42,631 - BasePage - INFO - The test server url1 is: http://dsy.10333.com
2018-04-25 23:27:45,988 - BasePage - INFO - Starting firefox browser.
2018-04-25 23:27:46,336 - BasePage - INFO - Open url1: http://dsy.10333.com
2018-04-25 23:27:46,523 - BasePage - INFO - Maximize the current window.
2018-04-25 23:27:46,575 - BasePage - INFO - Set implicitly wait 10 seconds.
2018-04-25 23:27:48,259 - BasePage - INFO - The element xpath=>//a[contains(.,'登录')] was clicked.
2018-04-25 23:27:48,259 - LoginPage - INFO - 点击首页左上角的登录按钮
2018-04-25 23:27:48,319 - BasePage - INFO - Input test 13722222222 in inputBox
2018-04-25 23:27:48,319 - LoginPage - INFO - 输入项目账号：13722222222
2018-04-25 23:27:48,365 - BasePage - INFO - Input test 88888888 in inputBox
2018-04-25 23:27:48,365 - LoginPage - INFO - 输入项目账号密码：88888888
2018-04-25 23:27:49,858 - BasePage - INFO - The element xpath=>//input[contains(@systype,'1')] was clicked.
2018-04-25 23:27:49,858 - LoginPage - INFO - 点击项目登录按钮
2018-04-25 23:27:49,865 - BasePage - INFO - Now! Close and quit the browser.
2018-04-25 23:27:50,068 - BasePage - INFO - 关闭浏览器
2018-04-25 23:27:50,070 - BasePage - INFO - You had select Firefox browser.
2018-04-25 23:27:50,070 - BasePage - INFO - The test server url1 is: http://dsy.10333.com
2018-04-25 23:27:53,356 - BasePage - INFO - Starting firefox browser.
2018-04-25 23:27:53,804 - BasePage - INFO - Open url1: http://dsy.10333.com
2018-04-25 23:27:53,960 - BasePage - INFO - Maximize the current window.
2018-04-25 23:27:53,993 - BasePage - INFO - Set implicitly wait 10 seconds.
2018-04-25 23:27:55,769 - BasePage - INFO - The element xpath=>//a[contains(.,'登录')] was clicked.
2018-04-25 23:27:55,769 - LoginPage - INFO - 点击首页左上角的登录按钮
2018-04-25 23:27:55,769 - GetInfo - INFO - The test loginname  is: 施工总包 13722222270
2018-04-25 23:27:55,840 - BasePage - INFO - Input test 13722222270 in inputBox
2018-04-25 23:27:55,840 - LoginPage - INFO - 输入项目账号：13722222270
2018-04-25 23:27:55,888 - BasePage - INFO - Input test 88888888 in inputBox
2018-04-25 23:27:55,888 - LoginPage - INFO - 输入项目账号密码：88888888
2018-04-25 23:27:57,358 - BasePage - INFO - The element xpath=>//input[contains(@systype,'1')] was clicked.
2018-04-25 23:27:57,358 - LoginPage - INFO - 点击项目登录按钮
2018-04-25 23:27:58,910 - BasePage - INFO - The element xpath=>//span[contains(.,'项目联系文件')] was clicked.
2018-04-25 23:28:00,154 - BasePage - INFO - The element xpath=>//span[@data-reactid='.0.$0/=10.3.$0/=10.0.1.0.1.0.0.0'] was clicked.
2018-04-25 23:28:01,382 - BasePage - INFO - The element xpath=>//input[@data-reactid='.1.1.0.1.0.3:$0.0.0'] was clicked.
2018-04-25 23:28:02,703 - BasePage - INFO - The element xpath=>//button[contains(.,'确定')] was clicked.
2018-04-25 23:28:03,703 - BasePage - INFO - Sleep for 1 seconds
2018-04-25 23:28:04,979 - BasePage - INFO - The element xpath=>//button[contains(.,'提交')] was clicked.
2018-04-25 23:28:06,224 - BasePage - INFO - The element xpath=>//i[@class='ids guanbituichu'] was clicked.
2018-04-25 23:28:06,224 - LoginPage - INFO - 点击退出按钮
2018-04-25 23:28:06,224 - BasePage - INFO - Now! Close and quit the browser.
2018-04-25 23:28:06,511 - BasePage - INFO - 关闭浏览器
