2018-04-27 00:23:35,374 - BasePage - INFO - You had select Firefox browser.
2018-04-27 00:23:35,375 - BasePage - INFO - The test server url1 is: http://dsy.10333.com
2018-04-27 00:23:38,636 - BasePage - INFO - Starting firefox browser.
2018-04-27 00:23:39,236 - BasePage - INFO - Open url1: http://dsy.10333.com
2018-04-27 00:23:39,375 - BasePage - INFO - Maximize the current window.
2018-04-27 00:23:39,411 - BasePage - INFO - Set implicitly wait 10 seconds.
2018-04-27 00:23:39,412 - BasePage - INFO - Now! Close and quit the browser.
2018-04-27 00:23:39,628 - BasePage - INFO - ¹Ø±Õä¯ÀÀÆ÷
2018-04-27 00:23:39,630 - BasePage - INFO - You had select Firefox browser.
2018-04-27 00:23:39,630 - BasePage - INFO - The test server url1 is: http://dsy.10333.com
2018-04-27 00:23:42,947 - BasePage - INFO - Starting firefox browser.
2018-04-27 00:23:43,371 - BasePage - INFO - Open url1: http://dsy.10333.com
2018-04-27 00:23:43,609 - BasePage - INFO - Maximize the current window.
2018-04-27 00:23:43,651 - BasePage - INFO - Set implicitly wait 10 seconds.
2018-04-27 00:23:43,651 - BasePage - INFO - Now! Close and quit the browser.
2018-04-27 00:23:43,886 - BasePage - INFO - ¹Ø±Õä¯ÀÀÆ÷
2018-04-27 00:23:43,887 - BasePage - INFO - You had select Firefox browser.
2018-04-27 00:23:43,888 - BasePage - INFO - The test server url1 is: http://dsy.10333.com
2018-04-27 00:23:47,688 - BasePage - INFO - Starting firefox browser.
2018-04-27 00:23:48,075 - BasePage - INFO - Open url1: http://dsy.10333.com
2018-04-27 00:23:48,224 - BasePage - INFO - Maximize the current window.
2018-04-27 00:23:48,269 - BasePage - INFO - Set implicitly wait 10 seconds.
2018-04-27 00:23:48,269 - BasePage - INFO - Now! Close and quit the browser.
2018-04-27 00:23:48,524 - BasePage - INFO - ¹Ø±Õä¯ÀÀÆ÷
