2018-04-25 23:54:42,886 - BasePage - INFO - You had select Firefox browser.
2018-04-25 23:54:42,886 - BasePage - INFO - The test server url1 is: http://dsy.10333.com
2018-04-25 23:54:46,167 - BasePage - INFO - Starting firefox browser.
2018-04-25 23:54:51,080 - BasePage - INFO - Open url1: http://dsy.10333.com
2018-04-25 23:54:51,210 - BasePage - INFO - Maximize the current window.
2018-04-25 23:54:51,241 - BasePage - INFO - Set implicitly wait 10 seconds.
2018-04-25 23:54:53,071 - BasePage - INFO - The element xpath=>//a[contains(.,'登录')] was clicked.
2018-04-25 23:54:53,071 - LoginPage - INFO - 点击首页左上角的登录按钮
2018-04-25 23:54:53,145 - BasePage - INFO - Input test 13722222222 in inputBox
2018-04-25 23:54:53,145 - LoginPage - INFO - 输入项目账号：13722222222
2018-04-25 23:54:53,195 - BasePage - INFO - Input test 88888888 in inputBox
2018-04-25 23:54:53,195 - LoginPage - INFO - 输入项目账号密码：88888888
2018-04-25 23:54:54,692 - BasePage - INFO - The element xpath=>//input[contains(@systype,'1')] was clicked.
2018-04-25 23:54:54,692 - LoginPage - INFO - 点击项目登录按钮
2018-04-25 23:54:54,700 - BasePage - INFO - Now! Close and quit the browser.
2018-04-25 23:54:54,957 - BasePage - INFO - 关闭浏览器
2018-04-25 23:54:54,959 - BasePage - INFO - You had select Firefox browser.
2018-04-25 23:54:54,959 - BasePage - INFO - The test server url1 is: http://dsy.10333.com
2018-04-25 23:54:58,328 - BasePage - INFO - Starting firefox browser.
2018-04-25 23:54:58,688 - BasePage - INFO - Open url1: http://dsy.10333.com
2018-04-25 23:54:58,839 - BasePage - INFO - Maximize the current window.
2018-04-25 23:54:58,878 - BasePage - INFO - Set implicitly wait 10 seconds.
2018-04-25 23:55:01,132 - BasePage - INFO - The element xpath=>//a[contains(.,'登录')] was clicked.
2018-04-25 23:55:01,132 - LoginPage - INFO - 点击首页左上角的登录按钮
2018-04-25 23:55:01,201 - BasePage - INFO - Input test 13722222222 in inputBox
2018-04-25 23:55:01,201 - LoginPage - INFO - 输入项目账号：13722222222
2018-04-25 23:55:01,239 - BasePage - INFO - Input test 88888887 in inputBox
2018-04-25 23:55:01,239 - LoginPage - INFO - 输入项目账号密码：88888887
2018-04-25 23:55:02,496 - BasePage - INFO - The element xpath=>//input[contains(@systype,'1')] was clicked.
2018-04-25 23:55:02,496 - LoginPage - INFO - 点击项目登录按钮
2018-04-25 23:55:02,496 - BasePage - INFO - Now! Close and quit the browser.
2018-04-25 23:55:02,700 - BasePage - INFO - 关闭浏览器
2018-04-25 23:55:02,702 - BasePage - INFO - You had select Firefox browser.
2018-04-25 23:55:02,702 - BasePage - INFO - The test server url1 is: http://dsy.10333.com
2018-04-25 23:55:05,560 - BasePage - INFO - Starting firefox browser.
2018-04-25 23:55:05,974 - BasePage - INFO - Open url1: http://dsy.10333.com
2018-04-25 23:55:06,168 - BasePage - INFO - Maximize the current window.
2018-04-25 23:55:06,235 - BasePage - INFO - Set implicitly wait 10 seconds.
2018-04-25 23:55:08,023 - BasePage - INFO - The element xpath=>//a[contains(.,'登录')] was clicked.
2018-04-25 23:55:08,023 - LoginPage - INFO - 点击首页左上角的登录按钮
2018-04-25 23:55:08,023 - GetInfo - INFO - The test loginname  is: 施工总包 13722222270
2018-04-25 23:55:08,088 - BasePage - INFO - Input test 13722222270 in inputBox
2018-04-25 23:55:08,088 - LoginPage - INFO - 输入项目账号：13722222270
2018-04-25 23:55:08,135 - BasePage - INFO - Input test 88888888 in inputBox
2018-04-25 23:55:08,135 - LoginPage - INFO - 输入项目账号密码：88888888
2018-04-25 23:55:09,621 - BasePage - INFO - The element xpath=>//input[contains(@systype,'1')] was clicked.
2018-04-25 23:55:09,621 - LoginPage - INFO - 点击项目登录按钮
2018-04-25 23:55:11,116 - BasePage - INFO - The element xpath=>//span[contains(.,'项目联系文件')] was clicked.
2018-04-25 23:55:12,380 - BasePage - INFO - The element xpath=>//span[@data-reactid='.0.$0/=10.3.$0/=10.0.1.0.1.0.0.0'] was clicked.
2018-04-25 23:55:13,606 - BasePage - INFO - The element xpath=>//input[@data-reactid='.1.1.0.1.0.3:$0.0.0'] was clicked.
2018-04-25 23:55:14,974 - BasePage - INFO - The element xpath=>//button[contains(.,'确定')] was clicked.
2018-04-25 23:55:15,974 - BasePage - INFO - Sleep for 1 seconds
2018-04-25 23:55:17,299 - BasePage - INFO - The element xpath=>//button[contains(.,'提交')] was clicked.
2018-04-25 23:55:18,544 - BasePage - INFO - The element xpath=>//i[@class='ids guanbituichu'] was clicked.
2018-04-25 23:55:18,544 - LoginPage - INFO - 点击退出按钮
2018-04-25 23:55:18,544 - BasePage - INFO - Now! Close and quit the browser.
2018-04-25 23:55:18,811 - BasePage - INFO - 关闭浏览器
