2018-04-27 00:18:49,220 - BasePage - INFO - You had select Firefox browser.
2018-04-27 00:18:49,220 - BasePage - INFO - The test server url1 is: http://dsy.10333.com
2018-04-27 00:18:52,631 - BasePage - INFO - Starting firefox browser.
2018-04-27 00:18:53,088 - BasePage - INFO - Open url1: http://dsy.10333.com
2018-04-27 00:18:53,208 - BasePage - INFO - Maximize the current window.
2018-04-27 00:18:53,230 - BasePage - INFO - Set implicitly wait 10 seconds.
2018-04-27 00:18:53,232 - BasePage - INFO - Now! Close and quit the browser.
2018-04-27 00:18:53,486 - BasePage - INFO - ¹Ø±Õä¯ÀÀÆ÷
2018-04-27 00:18:53,488 - BasePage - INFO - You had select Firefox browser.
2018-04-27 00:18:53,488 - BasePage - INFO - The test server url1 is: http://dsy.10333.com
2018-04-27 00:18:56,779 - BasePage - INFO - Starting firefox browser.
2018-04-27 00:18:59,815 - BasePage - INFO - Open url1: http://dsy.10333.com
2018-04-27 00:18:59,950 - BasePage - INFO - Maximize the current window.
2018-04-27 00:18:59,983 - BasePage - INFO - Set implicitly wait 10 seconds.
2018-04-27 00:18:59,983 - BasePage - INFO - Now! Close and quit the browser.
2018-04-27 00:19:00,195 - BasePage - INFO - ¹Ø±Õä¯ÀÀÆ÷
2018-04-27 00:19:00,197 - BasePage - INFO - You had select Firefox browser.
2018-04-27 00:19:00,197 - BasePage - INFO - The test server url1 is: http://dsy.10333.com
2018-04-27 00:19:03,441 - BasePage - INFO - Starting firefox browser.
2018-04-27 00:19:03,792 - BasePage - INFO - Open url1: http://dsy.10333.com
2018-04-27 00:19:03,993 - BasePage - INFO - Maximize the current window.
2018-04-27 00:19:04,026 - BasePage - INFO - Set implicitly wait 10 seconds.
2018-04-27 00:19:04,026 - BasePage - INFO - Now! Close and quit the browser.
2018-04-27 00:19:04,247 - BasePage - INFO - ¹Ø±Õä¯ÀÀÆ÷
