2018-04-27 14:08:44,335 - BasePage - INFO - You had select Firefox browser.
2018-04-27 14:08:44,335 - BasePage - INFO - The test server url1 is: http://dsy.10333.com
2018-04-27 14:08:47,112 - BasePage - INFO - Starting firefox browser.
2018-04-27 14:08:47,493 - BasePage - INFO - Open url1: http://dsy.10333.com
2018-04-27 14:08:47,519 - BasePage - INFO - Maximize the current window.
2018-04-27 14:08:47,628 - BasePage - INFO - Set implicitly wait 10 seconds.
2018-04-27 14:08:47,628 - BasePage - INFO - Now! Close and quit the browser.
2018-04-27 14:08:47,815 - BasePage - INFO - 关闭浏览器
2018-04-27 14:08:47,815 - BasePage - INFO - You had select Firefox browser.
2018-04-27 14:08:47,815 - BasePage - INFO - The test server url1 is: http://dsy.10333.com
2018-04-27 14:08:50,603 - BasePage - INFO - Starting firefox browser.
2018-04-27 14:08:51,042 - BasePage - INFO - Open url1: http://dsy.10333.com
2018-04-27 14:08:51,155 - BasePage - INFO - Maximize the current window.
2018-04-27 14:08:51,210 - BasePage - INFO - Set implicitly wait 10 seconds.
2018-04-27 14:08:52,960 - BasePage - INFO - The element xpath=>//a[contains(.,'登录')] was clicked.
2018-04-27 14:08:52,960 - LoginPage - INFO - 点击首页左上角的登录按钮
2018-04-27 14:08:53,038 - BasePage - INFO - Input test 13722222222 in inputBox
2018-04-27 14:08:53,038 - LoginPage - INFO - 输入项目账号：13722222222
2018-04-27 14:08:53,085 - BasePage - INFO - Input test 88888887 in inputBox
2018-04-27 14:08:53,085 - LoginPage - INFO - 输入项目账号密码：88888887
2018-04-27 14:08:54,348 - BasePage - INFO - The element xpath=>//input[contains(@systype,'1')] was clicked.
2018-04-27 14:08:54,348 - LoginPage - INFO - 点击项目登录按钮
2018-04-27 14:08:54,350 - BasePage - INFO - Now! Close and quit the browser.
2018-04-27 14:08:54,572 - BasePage - INFO - 关闭浏览器
