2018-04-25 23:42:10,315 - BasePage - INFO - You had select Firefox browser.
2018-04-25 23:42:10,315 - BasePage - INFO - The test server url1 is: http://dsy.10333.com
2018-04-25 23:42:13,578 - BasePage - INFO - Starting firefox browser.
2018-04-25 23:42:14,083 - BasePage - INFO - Open url1: http://dsy.10333.com
2018-04-25 23:42:14,276 - BasePage - INFO - Maximize the current window.
2018-04-25 23:42:14,308 - BasePage - INFO - Set implicitly wait 10 seconds.
2018-04-25 23:42:16,161 - BasePage - INFO - The element xpath=>//a[contains(.,'登录')] was clicked.
2018-04-25 23:42:16,161 - LoginPage - INFO - 点击首页左上角的登录按钮
2018-04-25 23:42:16,238 - BasePage - INFO - Input test 13722222222 in inputBox
2018-04-25 23:42:16,238 - LoginPage - INFO - 输入项目账号：13722222222
2018-04-25 23:42:16,279 - BasePage - INFO - Input test 88888888 in inputBox
2018-04-25 23:42:16,280 - LoginPage - INFO - 输入项目账号密码：88888888
2018-04-25 23:42:17,784 - BasePage - INFO - The element xpath=>//input[contains(@systype,'1')] was clicked.
2018-04-25 23:42:17,784 - LoginPage - INFO - 点击项目登录按钮
2018-04-25 23:42:17,792 - BasePage - INFO - Now! Close and quit the browser.
2018-04-25 23:42:18,014 - BasePage - INFO - 关闭浏览器
2018-04-25 23:42:18,016 - BasePage - INFO - You had select Firefox browser.
2018-04-25 23:42:18,016 - BasePage - INFO - The test server url1 is: http://dsy.10333.com
2018-04-25 23:42:21,273 - BasePage - INFO - Starting firefox browser.
2018-04-25 23:42:21,601 - BasePage - INFO - Open url1: http://dsy.10333.com
2018-04-25 23:42:21,639 - BasePage - INFO - Maximize the current window.
2018-04-25 23:42:21,812 - BasePage - INFO - Set implicitly wait 10 seconds.
2018-04-25 23:42:25,071 - BasePage - INFO - The element xpath=>//a[contains(.,'登录')] was clicked.
2018-04-25 23:42:25,071 - LoginPage - INFO - 点击首页左上角的登录按钮
2018-04-25 23:42:25,071 - GetInfo - INFO - The test loginname  is: 施工总包 13722222270
2018-04-25 23:42:25,136 - BasePage - INFO - Input test 13722222270 in inputBox
2018-04-25 23:42:25,136 - LoginPage - INFO - 输入项目账号：13722222270
2018-04-25 23:42:25,179 - BasePage - INFO - Input test 88888888 in inputBox
2018-04-25 23:42:25,180 - LoginPage - INFO - 输入项目账号密码：88888888
2018-04-25 23:42:26,634 - BasePage - INFO - The element xpath=>//input[contains(@systype,'1')] was clicked.
2018-04-25 23:42:26,634 - LoginPage - INFO - 点击项目登录按钮
2018-04-25 23:42:28,327 - BasePage - INFO - The element xpath=>//span[contains(.,'项目联系文件')] was clicked.
2018-04-25 23:42:29,575 - BasePage - INFO - The element xpath=>//span[@data-reactid='.0.$0/=10.3.$0/=10.0.1.0.1.0.0.0'] was clicked.
2018-04-25 23:42:30,839 - BasePage - INFO - The element xpath=>//input[@data-reactid='.1.1.0.1.0.3:$0.0.0'] was clicked.
2018-04-25 23:42:32,238 - BasePage - INFO - The element xpath=>//button[contains(.,'确定')] was clicked.
2018-04-25 23:42:33,238 - BasePage - INFO - Sleep for 1 seconds
2018-04-25 23:42:34,544 - BasePage - INFO - The element xpath=>//button[contains(.,'提交')] was clicked.
2018-04-25 23:42:35,787 - BasePage - INFO - The element xpath=>//i[@class='ids guanbituichu'] was clicked.
2018-04-25 23:42:35,787 - LoginPage - INFO - 点击退出按钮
2018-04-25 23:42:35,787 - BasePage - INFO - Now! Close and quit the browser.
2018-04-25 23:42:36,028 - BasePage - INFO - 关闭浏览器
