2018-04-27 00:58:11,131 - BasePage - INFO - You had select Firefox browser.
2018-04-27 00:58:11,132 - BasePage - INFO - The test server url1 is: http://dsy.10333.com
2018-04-27 00:58:14,571 - BasePage - INFO - Starting firefox browser.
2018-04-27 00:58:14,985 - BasePage - INFO - Open url1: http://dsy.10333.com
2018-04-27 00:58:15,148 - BasePage - INFO - Maximize the current window.
2018-04-27 00:58:15,195 - BasePage - INFO - Set implicitly wait 10 seconds.
2018-04-27 00:58:17,519 - BasePage - INFO - The element xpath=>//a[contains(.,'登录')] was clicked.
2018-04-27 00:58:17,519 - LoginPage - INFO - 点击首页左上角的登录按钮
2018-04-27 00:58:17,519 - GetInfo - INFO - The test loginname  is: 施工总包 13722222270
2018-04-27 00:58:17,591 - BasePage - INFO - Input test 13722222270 in inputBox
2018-04-27 00:58:17,592 - LoginPage - INFO - 输入项目账号：13722222270
2018-04-27 00:58:17,631 - BasePage - INFO - Input test 88888888 in inputBox
2018-04-27 00:58:17,631 - LoginPage - INFO - 输入项目账号密码：88888888
2018-04-27 00:58:19,140 - BasePage - INFO - The element xpath=>//input[contains(@systype,'1')] was clicked.
2018-04-27 00:58:19,140 - LoginPage - INFO - 点击项目登录按钮
2018-04-27 00:58:19,140 - BasePage - INFO - 元素是元组！
2018-04-27 00:58:20,688 - BasePage - INFO - The element xpath=>//span[contains(.,'项目联系文件')] was clicked.
2018-04-27 00:58:21,937 - BasePage - INFO - The element xpath=>//span[@data-reactid='.0.$0/=10.3.$0/=10.0.1.0.1.0.0.0'] was clicked.
2018-04-27 00:58:23,161 - BasePage - INFO - The element xpath=>//input[@data-reactid='.1.1.0.1.0.3:$0.0.0'] was clicked.
2018-04-27 00:58:24,476 - BasePage - INFO - The element xpath=>//button[contains(.,'确定')] was clicked.
2018-04-27 00:58:25,476 - BasePage - INFO - Sleep for 1 seconds
2018-04-27 00:58:26,894 - BasePage - INFO - The element xpath=>//button[contains(.,'提交')] was clicked.
2018-04-27 00:58:28,136 - BasePage - INFO - The element xpath=>//i[@class='ids guanbituichu'] was clicked.
2018-04-27 00:58:28,136 - LoginPage - INFO - 点击退出按钮
2018-04-27 00:58:28,136 - BasePage - INFO - Now! Close and quit the browser.
2018-04-27 00:58:28,403 - BasePage - INFO - 关闭浏览器
